app/build/intermediates/manifest_merge_blame_file/debug/manifest-merger-blame-debug-report.txt
1<?xml version="1.0" encoding="utf-8"?>
2<manifest xmlns:android="http://schemas.android.com/apk/res/android"
3    package="com.example.criengine"
4    android:versionCode="1"
5    android:versionName="1.0" >
6
7    <uses-sdk
8        android:minSdkVersion="17"
8-->src\main\AndroidManifest.xml
9        android:targetSdkVersion="30" />
9-->src\main\AndroidManifest.xml
10
11    <uses-permission android:name="android.permission.INTERNET" />
11-->src\main\AndroidManifest.xml:5:5-67
11-->src\main\AndroidManifest.xml:5:22-64
12    <uses-permission android:name="android.permission.ACCESS_NETWORK_STATE" />
12-->[com.firebaseui:firebase-ui-auth:6.2.0] AndroidManifest.xml:12:5-79
12-->[com.firebaseui:firebase-ui-auth:6.2.0] AndroidManifest.xml:12:22-76
13
14    <application
14-->src\main\AndroidManifest.xml:6:5-38:19
15        android:name="androidx.multidex.MultiDexApplication"
16        android:allowBackup="true"
16-->src\main\AndroidManifest.xml:7:9-35
17        android:appComponentFactory="androidx.core.app.CoreComponentFactory"
17-->[androidx.core:core:1.3.1] AndroidManifest.xml:24:18-86
18        android:debuggable="true"
19        android:icon="@mipmap/ic_launcher"
19-->src\main\AndroidManifest.xml:8:9-43
20        android:label="@string/app_name"
20-->src\main\AndroidManifest.xml:9:9-41
21        android:roundIcon="@mipmap/ic_launcher_round"
21-->src\main\AndroidManifest.xml:10:9-54
22        android:supportsRtl="true"
22-->src\main\AndroidManifest.xml:11:9-35
23        android:testOnly="true"
24        android:theme="@style/AppTheme" >
24-->src\main\AndroidManifest.xml:12:9-40
25        <activity android:name="com.example.criengine.Activities.LoginActivity" >
25-->src\main\AndroidManifest.xml:13:9-19:20
25-->src\main\AndroidManifest.xml:13:19-59
26            <intent-filter>
26-->src\main\AndroidManifest.xml:14:13-18:29
27                <action android:name="android.intent.action.MAIN" />
27-->src\main\AndroidManifest.xml:15:17-69
27-->src\main\AndroidManifest.xml:15:25-66
28
29                <category android:name="android.intent.category.LAUNCHER" />
29-->src\main\AndroidManifest.xml:17:17-77
29-->src\main\AndroidManifest.xml:17:27-74
30            </intent-filter>
31        </activity>
32        <activity android:name="com.example.criengine.Activities.AddBookActivity" />
32-->src\main\AndroidManifest.xml:20:9-64
32-->src\main\AndroidManifest.xml:20:19-61
33        <activity android:name="com.example.criengine.Activities.RequestsForBookActivity" />
33-->src\main\AndroidManifest.xml:21:9-72
33-->src\main\AndroidManifest.xml:21:19-69
34        <activity android:name="com.example.criengine.Fragments.MyBooksListFilterFragment" />
34-->src\main\AndroidManifest.xml:22:9-23:45
34-->src\main\AndroidManifest.xml:22:19-70
35        <activity android:name="com.example.criengine.Activities.RequestActivity" />
35-->src\main\AndroidManifest.xml:24:9-64
35-->src\main\AndroidManifest.xml:24:19-61
36        <activity
36-->src\main\AndroidManifest.xml:25:9-32:20
37            android:name="com.example.criengine.Activities.RootActivity"
37-->src\main\AndroidManifest.xml:25:19-58
38            android:windowSoftInputMode="adjustPan" >
38-->src\main\AndroidManifest.xml:26:13-52
39            <intent-filter>
39-->src\main\AndroidManifest.xml:14:13-18:29
40                <action android:name="android.intent.action.MAIN" />
40-->src\main\AndroidManifest.xml:15:17-69
40-->src\main\AndroidManifest.xml:15:25-66
41
42                <category android:name="android.intent.category.LAUNCHER" />
42-->src\main\AndroidManifest.xml:17:17-77
42-->src\main\AndroidManifest.xml:17:27-74
43            </intent-filter>
44        </activity>
45        <activity
45-->src\main\AndroidManifest.xml:33:9-35:69
46            android:name="com.example.criengine.Activities.MyProfileActivity"
46-->src\main\AndroidManifest.xml:34:13-57
47            android:parentActivityName="com.example.criengine.Activities.RootActivity" />
47-->src\main\AndroidManifest.xml:35:13-66
48        <activity android:name="com.example.criengine.Activities.MyBookActivity" />
48-->src\main\AndroidManifest.xml:36:9-63
48-->src\main\AndroidManifest.xml:36:19-60
49        <activity android:name="com.example.criengine.Activities.BookActivity" />
49-->src\main\AndroidManifest.xml:37:9-61
49-->src\main\AndroidManifest.xml:37:19-58
50
51        <meta-data
51-->[com.firebaseui:firebase-ui-auth:6.2.0] AndroidManifest.xml:16:9-18:69
52            android:name="com.google.android.gms.version"
52-->[com.firebaseui:firebase-ui-auth:6.2.0] AndroidManifest.xml:17:13-58
53            android:value="@integer/google_play_services_version" />
53-->[com.firebaseui:firebase-ui-auth:6.2.0] AndroidManifest.xml:18:13-66
54        <meta-data
54-->[com.firebaseui:firebase-ui-auth:6.2.0] AndroidManifest.xml:19:9-21:63
55            android:name="com.facebook.sdk.ApplicationId"
55-->[com.firebaseui:firebase-ui-auth:6.2.0] AndroidManifest.xml:20:13-58
56            android:value="@string/facebook_application_id" />
56-->[com.firebaseui:firebase-ui-auth:6.2.0] AndroidManifest.xml:21:13-60
57
58        <activity
58-->[com.firebaseui:firebase-ui-auth:6.2.0] AndroidManifest.xml:23:9-27:61
59            android:name="com.firebase.ui.auth.KickoffActivity"
59-->[com.firebaseui:firebase-ui-auth:6.2.0] AndroidManifest.xml:24:13-64
60            android:exported="false"
60-->[com.firebaseui:firebase-ui-auth:6.2.0] AndroidManifest.xml:25:13-37
61            android:label=""
61-->[com.firebaseui:firebase-ui-auth:6.2.0] AndroidManifest.xml:26:13-29
62            android:theme="@style/FirebaseUI.Transparent" />
62-->[com.firebaseui:firebase-ui-auth:6.2.0] AndroidManifest.xml:27:13-58
63        <activity
63-->[com.firebaseui:firebase-ui-auth:6.2.0] AndroidManifest.xml:28:9-32:61
64            android:name="com.firebase.ui.auth.ui.idp.SingleSignInActivity"
64-->[com.firebaseui:firebase-ui-auth:6.2.0] AndroidManifest.xml:29:13-76
65            android:exported="false"
65-->[com.firebaseui:firebase-ui-auth:6.2.0] AndroidManifest.xml:30:13-37
66            android:label=""
66-->[com.firebaseui:firebase-ui-auth:6.2.0] AndroidManifest.xml:31:13-29
67            android:theme="@style/FirebaseUI.Transparent" />
67-->[com.firebaseui:firebase-ui-auth:6.2.0] AndroidManifest.xml:32:13-58
68        <activity
68-->[com.firebaseui:firebase-ui-auth:6.2.0] AndroidManifest.xml:33:9-37:61
69            android:name="com.firebase.ui.auth.ui.credentials.CredentialSaveActivity"
69-->[com.firebaseui:firebase-ui-auth:6.2.0] AndroidManifest.xml:34:13-86
70            android:exported="false"
70-->[com.firebaseui:firebase-ui-auth:6.2.0] AndroidManifest.xml:35:13-37
71            android:label=""
71-->[com.firebaseui:firebase-ui-auth:6.2.0] AndroidManifest.xml:36:13-29
72            android:theme="@style/FirebaseUI.Transparent" />
72-->[com.firebaseui:firebase-ui-auth:6.2.0] AndroidManifest.xml:37:13-58
73        <activity
73-->[com.firebaseui:firebase-ui-auth:6.2.0] AndroidManifest.xml:38:9-42:58
74            android:name="com.firebase.ui.auth.ui.email.RecoverPasswordActivity"
74-->[com.firebaseui:firebase-ui-auth:6.2.0] AndroidManifest.xml:39:13-81
75            android:exported="false"
75-->[com.firebaseui:firebase-ui-auth:6.2.0] AndroidManifest.xml:40:13-37
76            android:label="@string/fui_title_recover_password_activity"
76-->[com.firebaseui:firebase-ui-auth:6.2.0] AndroidManifest.xml:41:13-72
77            android:windowSoftInputMode="adjustResize" />
77-->[com.firebaseui:firebase-ui-auth:6.2.0] AndroidManifest.xml:42:13-55
78        <activity
78-->[com.firebaseui:firebase-ui-auth:6.2.0] AndroidManifest.xml:43:9-47:58
79            android:name="com.firebase.ui.auth.ui.email.EmailActivity"
79-->[com.firebaseui:firebase-ui-auth:6.2.0] AndroidManifest.xml:44:13-71
80            android:exported="false"
80-->[com.firebaseui:firebase-ui-auth:6.2.0] AndroidManifest.xml:45:13-37
81            android:label="@string/fui_sign_in_default"
81-->[com.firebaseui:firebase-ui-auth:6.2.0] AndroidManifest.xml:46:13-56
82            android:windowSoftInputMode="adjustResize" />
82-->[com.firebaseui:firebase-ui-auth:6.2.0] AndroidManifest.xml:47:13-55
83        <activity
83-->[com.firebaseui:firebase-ui-auth:6.2.0] AndroidManifest.xml:48:9-52:77
84            android:name="com.firebase.ui.auth.ui.phone.PhoneActivity"
84-->[com.firebaseui:firebase-ui-auth:6.2.0] AndroidManifest.xml:49:13-71
85            android:exported="false"
85-->[com.firebaseui:firebase-ui-auth:6.2.0] AndroidManifest.xml:50:13-37
86            android:label="@string/fui_sign_in_with_phone_number"
86-->[com.firebaseui:firebase-ui-auth:6.2.0] AndroidManifest.xml:51:13-66
87            android:windowSoftInputMode="adjustResize|stateAlwaysVisible" />
87-->[com.firebaseui:firebase-ui-auth:6.2.0] AndroidManifest.xml:52:13-74
88        <activity
88-->[com.firebaseui:firebase-ui-auth:6.2.0] AndroidManifest.xml:53:9-57:58
89            android:name="com.firebase.ui.auth.ui.idp.WelcomeBackIdpPrompt"
89-->[com.firebaseui:firebase-ui-auth:6.2.0] AndroidManifest.xml:54:13-76
90            android:exported="false"
90-->[com.firebaseui:firebase-ui-auth:6.2.0] AndroidManifest.xml:55:13-37
91            android:label="@string/fui_title_welcome_back_idp_prompt"
91-->[com.firebaseui:firebase-ui-auth:6.2.0] AndroidManifest.xml:56:13-70
92            android:windowSoftInputMode="adjustResize" />
92-->[com.firebaseui:firebase-ui-auth:6.2.0] AndroidManifest.xml:57:13-55
93        <activity
93-->[com.firebaseui:firebase-ui-auth:6.2.0] AndroidManifest.xml:58:9-62:58
94            android:name="com.firebase.ui.auth.ui.email.WelcomeBackPasswordPrompt"
94-->[com.firebaseui:firebase-ui-auth:6.2.0] AndroidManifest.xml:59:13-83
95            android:exported="false"
95-->[com.firebaseui:firebase-ui-auth:6.2.0] AndroidManifest.xml:60:13-37
96            android:label="@string/fui_title_welcome_back_password_prompt"
96-->[com.firebaseui:firebase-ui-auth:6.2.0] AndroidManifest.xml:61:13-75
97            android:windowSoftInputMode="adjustResize" />
97-->[com.firebaseui:firebase-ui-auth:6.2.0] AndroidManifest.xml:62:13-55
98        <activity
98-->[com.firebaseui:firebase-ui-auth:6.2.0] AndroidManifest.xml:63:9-67:58
99            android:name="com.firebase.ui.auth.ui.email.WelcomeBackEmailLinkPrompt"
99-->[com.firebaseui:firebase-ui-auth:6.2.0] AndroidManifest.xml:64:13-84
100            android:exported="false"
100-->[com.firebaseui:firebase-ui-auth:6.2.0] AndroidManifest.xml:65:13-37
101            android:label="@string/fui_title_welcome_back_password_prompt"
101-->[com.firebaseui:firebase-ui-auth:6.2.0] AndroidManifest.xml:66:13-75
102            android:windowSoftInputMode="adjustResize" />
102-->[com.firebaseui:firebase-ui-auth:6.2.0] AndroidManifest.xml:67:13-55
103        <activity
103-->[com.firebaseui:firebase-ui-auth:6.2.0] AndroidManifest.xml:68:9-73:58
104            android:name="com.firebase.ui.auth.ui.email.EmailLinkCatcherActivity"
104-->[com.firebaseui:firebase-ui-auth:6.2.0] AndroidManifest.xml:69:13-82
105            android:exported="false"
105-->[com.firebaseui:firebase-ui-auth:6.2.0] AndroidManifest.xml:70:13-37
106            android:label=""
106-->[com.firebaseui:firebase-ui-auth:6.2.0] AndroidManifest.xml:71:13-29
107            android:theme="@style/FirebaseUI.Transparent"
107-->[com.firebaseui:firebase-ui-auth:6.2.0] AndroidManifest.xml:72:13-58
108            android:windowSoftInputMode="adjustResize" />
108-->[com.firebaseui:firebase-ui-auth:6.2.0] AndroidManifest.xml:73:13-55
109        <activity
109-->[com.firebaseui:firebase-ui-auth:6.2.0] AndroidManifest.xml:74:9-78:58
110            android:name="com.firebase.ui.auth.ui.email.EmailLinkErrorRecoveryActivity"
110-->[com.firebaseui:firebase-ui-auth:6.2.0] AndroidManifest.xml:75:13-88
111            android:exported="false"
111-->[com.firebaseui:firebase-ui-auth:6.2.0] AndroidManifest.xml:76:13-37
112            android:label="@string/fui_sign_in_default"
112-->[com.firebaseui:firebase-ui-auth:6.2.0] AndroidManifest.xml:77:13-56
113            android:windowSoftInputMode="adjustResize" />
113-->[com.firebaseui:firebase-ui-auth:6.2.0] AndroidManifest.xml:78:13-55
114        <activity
114-->[com.firebaseui:firebase-ui-auth:6.2.0] AndroidManifest.xml:79:9-82:65
115            android:name="com.firebase.ui.auth.ui.idp.AuthMethodPickerActivity"
115-->[com.firebaseui:firebase-ui-auth:6.2.0] AndroidManifest.xml:80:13-80
116            android:exported="false"
116-->[com.firebaseui:firebase-ui-auth:6.2.0] AndroidManifest.xml:81:13-37
117            android:label="@string/fui_default_toolbar_title" />
117-->[com.firebaseui:firebase-ui-auth:6.2.0] AndroidManifest.xml:82:13-62
118        <activity
118-->[com.firebaseui:firebase-ui-auth:6.2.0] AndroidManifest.xml:83:9-87:48
119            android:name="com.facebook.FacebookActivity"
119-->[com.firebaseui:firebase-ui-auth:6.2.0] AndroidManifest.xml:84:13-57
120            android:configChanges="keyboard|keyboardHidden|screenLayout|screenSize|orientation"
120-->[com.firebaseui:firebase-ui-auth:6.2.0] AndroidManifest.xml:85:13-96
121            android:label="@string/app_name" />
121-->[com.firebaseui:firebase-ui-auth:6.2.0] AndroidManifest.xml:86:13-45
122        <activity
122-->[com.firebaseui:firebase-ui-auth:6.2.0] AndroidManifest.xml:88:9-100:20
123            android:name="com.facebook.CustomTabActivity"
123-->[com.firebaseui:firebase-ui-auth:6.2.0] AndroidManifest.xml:89:13-58
124            android:exported="true" >
124-->[com.firebaseui:firebase-ui-auth:6.2.0] AndroidManifest.xml:90:13-36
125            <intent-filter>
125-->[com.firebaseui:firebase-ui-auth:6.2.0] AndroidManifest.xml:92:13-99:29
126                <action android:name="android.intent.action.VIEW" />
126-->[com.firebaseui:firebase-ui-auth:6.2.0] AndroidManifest.xml:93:17-69
126-->[com.firebaseui:firebase-ui-auth:6.2.0] AndroidManifest.xml:93:25-66
127
128                <category android:name="android.intent.category.DEFAULT" />
128-->[com.firebaseui:firebase-ui-auth:6.2.0] AndroidManifest.xml:95:17-76
128-->[com.firebaseui:firebase-ui-auth:6.2.0] AndroidManifest.xml:95:27-73
129                <category android:name="android.intent.category.BROWSABLE" />
129-->[com.firebaseui:firebase-ui-auth:6.2.0] AndroidManifest.xml:96:17-78
129-->[com.firebaseui:firebase-ui-auth:6.2.0] AndroidManifest.xml:96:27-75
130
131                <data android:scheme="@string/facebook_login_protocol_scheme" />
131-->[com.firebaseui:firebase-ui-auth:6.2.0] AndroidManifest.xml:98:17-81
131-->[com.firebaseui:firebase-ui-auth:6.2.0] AndroidManifest.xml:98:23-78
132            </intent-filter>
133        </activity>
134
135        <provider
135-->[com.firebaseui:firebase-ui-auth:6.2.0] AndroidManifest.xml:102:9-106:38
136            android:name="com.firebase.ui.auth.data.client.AuthUiInitProvider"
136-->[com.firebaseui:firebase-ui-auth:6.2.0] AndroidManifest.xml:103:13-79
137            android:authorities="com.example.criengine.authuiinitprovider"
137-->[com.firebaseui:firebase-ui-auth:6.2.0] AndroidManifest.xml:104:13-70
138            android:exported="false"
138-->[com.firebaseui:firebase-ui-auth:6.2.0] AndroidManifest.xml:105:13-37
139            android:initOrder="90" />
139-->[com.firebaseui:firebase-ui-auth:6.2.0] AndroidManifest.xml:106:13-35
140
141        <service
141-->[com.google.firebase:firebase-firestore:21.7.1] AndroidManifest.xml:17:9-23:19
142            android:name="com.google.firebase.components.ComponentDiscoveryService"
142-->[com.google.firebase:firebase-firestore:21.7.1] AndroidManifest.xml:18:13-84
143            android:directBootAware="true"
143-->[com.google.firebase:firebase-common:19.3.1] AndroidManifest.xml:35:13-43
144            android:exported="false" >
144-->[com.google.firebase:firebase-firestore:21.7.1] AndroidManifest.xml:19:13-37
145            <meta-data
145-->[com.google.firebase:firebase-firestore:21.7.1] AndroidManifest.xml:20:13-22:85
146                android:name="com.google.firebase.components:com.google.firebase.firestore.FirestoreRegistrar"
146-->[com.google.firebase:firebase-firestore:21.7.1] AndroidManifest.xml:21:17-111
147                android:value="com.google.firebase.components.ComponentRegistrar" />
147-->[com.google.firebase:firebase-firestore:21.7.1] AndroidManifest.xml:22:17-82
148            <meta-data
148-->[com.google.firebase:firebase-auth:19.2.0] AndroidManifest.xml:36:13-38:85
149                android:name="com.google.firebase.components:com.google.firebase.auth.FirebaseAuthRegistrar"
149-->[com.google.firebase:firebase-auth:19.2.0] AndroidManifest.xml:37:17-109
150                android:value="com.google.firebase.components.ComponentRegistrar" />
150-->[com.google.firebase:firebase-auth:19.2.0] AndroidManifest.xml:38:17-82
151        </service>
152
153        <activity
153-->[com.google.firebase:firebase-auth:19.2.0] AndroidManifest.xml:24:9-31:50
154            android:name="com.google.firebase.auth.internal.FederatedSignInActivity"
154-->[com.google.firebase:firebase-auth:19.2.0] AndroidManifest.xml:25:13-85
155            android:excludeFromRecents="true"
155-->[com.google.firebase:firebase-auth:19.2.0] AndroidManifest.xml:26:13-46
156            android:exported="true"
156-->[com.google.firebase:firebase-auth:19.2.0] AndroidManifest.xml:27:13-36
157            android:launchMode="singleTask"
157-->[com.google.firebase:firebase-auth:19.2.0] AndroidManifest.xml:28:13-44
158            android:permission="com.google.firebase.auth.api.gms.permission.LAUNCH_FEDERATED_SIGN_IN"
158-->[com.google.firebase:firebase-auth:19.2.0] AndroidManifest.xml:29:13-102
159            android:theme="@android:style/Theme.Translucent.NoTitleBar" />
159-->[com.google.firebase:firebase-auth:19.2.0] AndroidManifest.xml:30:13-72
160        <activity
160-->[com.google.android.gms:play-services-auth:17.0.0] AndroidManifest.xml:23:9-27:75
161            android:name="com.google.android.gms.auth.api.signin.internal.SignInHubActivity"
161-->[com.google.android.gms:play-services-auth:17.0.0] AndroidManifest.xml:24:13-93
162            android:excludeFromRecents="true"
162-->[com.google.android.gms:play-services-auth:17.0.0] AndroidManifest.xml:25:13-46
163            android:exported="false"
163-->[com.google.android.gms:play-services-auth:17.0.0] AndroidManifest.xml:26:13-37
164            android:theme="@android:style/Theme.Translucent.NoTitleBar" />
164-->[com.google.android.gms:play-services-auth:17.0.0] AndroidManifest.xml:27:13-72
165        <!--
166            Service handling Google Sign-In user revocation. For apps that do not integrate with
167            Google Sign-In, this service will never be started.
168        -->
169        <service
169-->[com.google.android.gms:play-services-auth:17.0.0] AndroidManifest.xml:33:9-36:110
170            android:name="com.google.android.gms.auth.api.signin.RevocationBoundService"
170-->[com.google.android.gms:play-services-auth:17.0.0] AndroidManifest.xml:34:13-89
171            android:exported="true"
171-->[com.google.android.gms:play-services-auth:17.0.0] AndroidManifest.xml:35:13-36
172            android:permission="com.google.android.gms.auth.api.signin.permission.REVOCATION_NOTIFICATION" />
172-->[com.google.android.gms:play-services-auth:17.0.0] AndroidManifest.xml:36:13-107
173
174        <provider
174-->[com.google.firebase:firebase-common:19.3.1] AndroidManifest.xml:26:9-31:39
175            android:name="com.google.firebase.provider.FirebaseInitProvider"
175-->[com.google.firebase:firebase-common:19.3.1] AndroidManifest.xml:27:13-77
176            android:authorities="com.example.criengine.firebaseinitprovider"
176-->[com.google.firebase:firebase-common:19.3.1] AndroidManifest.xml:28:13-72
177            android:directBootAware="true"
177-->[com.google.firebase:firebase-common:19.3.1] AndroidManifest.xml:29:13-43
178            android:exported="false"
178-->[com.google.firebase:firebase-common:19.3.1] AndroidManifest.xml:30:13-37
179            android:initOrder="100" />
179-->[com.google.firebase:firebase-common:19.3.1] AndroidManifest.xml:31:13-36
180
181        <activity
181-->[com.google.android.gms:play-services-base:17.1.0] AndroidManifest.xml:23:9-26:75
182            android:name="com.google.android.gms.common.api.GoogleApiActivity"
182-->[com.google.android.gms:play-services-base:17.1.0] AndroidManifest.xml:24:13-79
183            android:exported="false"
183-->[com.google.android.gms:play-services-base:17.1.0] AndroidManifest.xml:25:13-37
184            android:theme="@android:style/Theme.Translucent.NoTitleBar" />
184-->[com.google.android.gms:play-services-base:17.1.0] AndroidManifest.xml:26:13-72
185
186        <provider
186-->[androidx.lifecycle:lifecycle-process:2.1.0] AndroidManifest.xml:23:9-27:43
187            android:name="androidx.lifecycle.ProcessLifecycleOwnerInitializer"
187-->[androidx.lifecycle:lifecycle-process:2.1.0] AndroidManifest.xml:24:13-79
188            android:authorities="com.example.criengine.lifecycle-process"
188-->[androidx.lifecycle:lifecycle-process:2.1.0] AndroidManifest.xml:25:13-69
189            android:exported="false"
189-->[androidx.lifecycle:lifecycle-process:2.1.0] AndroidManifest.xml:26:13-37
190            android:multiprocess="true" />
190-->[androidx.lifecycle:lifecycle-process:2.1.0] AndroidManifest.xml:27:13-40
191    </application>
192
193</manifest>